  [1m[35m (0.2ms)[0m  [1m[35mCREATE TABLE "schema_migrations" ("version" varchar NOT NULL PRIMARY KEY)[0m
  [1m[35m (0.1ms)[0m  [1m[35mCREATE TABLE "ar_internal_metadata" ("key" varchar NOT NULL PRIMARY KEY, "value" varchar, "created_at" datetime(6) NOT NULL, "updated_at" datetime(6) NOT NULL)[0m
  [1m[36mActiveRecord::InternalMetadata Load (0.1ms)[0m  [1m[34mSELECT * FROM "ar_internal_metadata" WHERE "ar_internal_metadata"."key" = ? ORDER BY "ar_internal_metadata"."key" ASC LIMIT 1[0m  [[nil, "environment"]]
  [1m[36mActiveRecord::InternalMetadata Create (0.1ms)[0m  [1m[32mINSERT INTO "ar_internal_metadata" ("key", "value", "created_at", "updated_at") VALUES ('environment', 'development', '2023-12-13 10:24:10.521987', '2023-12-13 10:24:10.521989') RETURNING "key"[0m
  [1m[36mActiveRecord::SchemaMigration Load (0.0ms)[0m  [1m[34mSELECT "schema_migrations"."version" FROM "schema_migrations" ORDER BY "schema_migrations"."version" ASC[0m
  [1m[36mActiveRecord::InternalMetadata Load (0.0ms)[0m  [1m[34mSELECT * FROM "ar_internal_metadata" WHERE "ar_internal_metadata"."key" = ? ORDER BY "ar_internal_metadata"."key" ASC LIMIT 1[0m  [[nil, "environment"]]
  [1m[36mActiveRecord::SchemaMigration Load (0.0ms)[0m  [1m[34mSELECT "schema_migrations"."version" FROM "schema_migrations" ORDER BY "schema_migrations"."version" ASC[0m
Migrating to CreateManages (20231213102557)
  [1m[36mTRANSACTION (0.0ms)[0m  [1m[36mbegin transaction[0m
  [1m[35m (0.9ms)[0m  [1m[35mCREATE TABLE "manages" ("id" integer PRIMARY KEY AUTOINCREMENT NOT NULL, "info" varchar, "details" varchar, "created_at" datetime(6) NOT NULL, "updated_at" datetime(6) NOT NULL)[0m
  [1m[36mActiveRecord::SchemaMigration Create (0.0ms)[0m  [1m[32mINSERT INTO "schema_migrations" ("version") VALUES ('20231213102557') RETURNING "version"[0m
  [1m[36mTRANSACTION (0.1ms)[0m  [1m[36mcommit transaction[0m
  [1m[36mActiveRecord::SchemaMigration Load (0.0ms)[0m  [1m[34mSELECT "schema_migrations"."version" FROM "schema_migrations" ORDER BY "schema_migrations"."version" ASC[0m
Started GET "/" for 127.0.0.1 at 2023-12-13 10:27:21 +0000
  [1m[36mActiveRecord::SchemaMigration Load (0.1ms)[0m  [1m[34mSELECT "schema_migrations"."version" FROM "schema_migrations" ORDER BY "schema_migrations"."version" ASC[0m
Processing by Rails::WelcomeController#index as HTML
  Rendering /Users/inspectv/.rbenv/versions/3.1.2/lib/ruby/gems/3.1.0/gems/railties-7.1.2/lib/rails/templates/rails/welcome/index.html.erb
  Rendered /Users/inspectv/.rbenv/versions/3.1.2/lib/ruby/gems/3.1.0/gems/railties-7.1.2/lib/rails/templates/rails/welcome/index.html.erb (Duration: 0.3ms | Allocations: 383)
Completed 200 OK in 13ms (Views: 3.8ms | ActiveRecord: 0.0ms | Allocations: 7463)


Started GET "/info" for 127.0.0.1 at 2023-12-13 10:27:45 +0000
  
ActionController::RoutingError (No route matches [GET] "/info"):
  
Started GET "/manage" for 127.0.0.1 at 2023-12-13 10:28:49 +0000
  
ActionController::RoutingError (No route matches [GET] "/manage"):
  
Started GET "/manages" for 127.0.0.1 at 2023-12-13 10:29:53 +0000
Processing by ManagesController#index as HTML
  Rendering layout layouts/application.html.erb
  Rendering manages/index.html.erb within layouts/application
  [1m[36mManage Load (0.2ms)[0m  [1m[34mSELECT "manages".* FROM "manages"[0m
  ↳ app/views/manages/index.html.erb:6
  Rendered manages/index.html.erb within layouts/application (Duration: 16.4ms | Allocations: 1663)
  Rendered layout layouts/application.html.erb (Duration: 640.4ms | Allocations: 103825)
Completed 200 OK in 708ms (Views: 625.2ms | ActiveRecord: 16.9ms | Allocations: 113251)


Started GET "/manages/new" for 127.0.0.1 at 2023-12-13 10:30:04 +0000
Processing by ManagesController#new as HTML
  Rendering layout layouts/application.html.erb
  Rendering manages/new.html.erb within layouts/application
  Rendered manages/_form.html.erb (Duration: 16.1ms | Allocations: 4280)
  Rendered manages/new.html.erb within layouts/application (Duration: 17.2ms | Allocations: 4603)
  Rendered layout layouts/application.html.erb (Duration: 19.3ms | Allocations: 6775)
Completed 200 OK in 40ms (Views: 19.9ms | ActiveRecord: 0.8ms | Allocations: 16307)


Started GET "/manages" for 127.0.0.1 at 2023-12-13 10:30:06 +0000
Processing by ManagesController#index as HTML
  Rendering layout layouts/application.html.erb
  Rendering manages/index.html.erb within layouts/application
  [1m[36mManage Load (0.1ms)[0m  [1m[34mSELECT "manages".* FROM "manages"[0m
  ↳ app/views/manages/index.html.erb:6
  Rendered manages/index.html.erb within layouts/application (Duration: 2.3ms | Allocations: 919)
  Rendered layout layouts/application.html.erb (Duration: 6.4ms | Allocations: 2956)
Completed 200 OK in 7ms (Views: 6.8ms | ActiveRecord: 0.1ms | Allocations: 3267)


Started GET "/manages/new" for 127.0.0.1 at 2023-12-13 10:30:07 +0000
Processing by ManagesController#new as HTML
  Rendering layout layouts/application.html.erb
  Rendering manages/new.html.erb within layouts/application
  Rendered manages/_form.html.erb (Duration: 1.6ms | Allocations: 827)
  Rendered manages/new.html.erb within layouts/application (Duration: 1.9ms | Allocations: 910)
  Rendered layout layouts/application.html.erb (Duration: 6.6ms | Allocations: 2943)
Completed 200 OK in 8ms (Views: 7.1ms | ActiveRecord: 0.0ms | Allocations: 3220)


Started GET "/manages" for 127.0.0.1 at 2023-12-13 10:30:09 +0000
Processing by ManagesController#index as HTML
  Rendering layout layouts/application.html.erb
  Rendering manages/index.html.erb within layouts/application
  [1m[36mManage Load (0.1ms)[0m  [1m[34mSELECT "manages".* FROM "manages"[0m
  ↳ app/views/manages/index.html.erb:6
  Rendered manages/index.html.erb within layouts/application (Duration: 1.5ms | Allocations: 814)
  Rendered layout layouts/application.html.erb (Duration: 4.5ms | Allocations: 2848)
Completed 200 OK in 6ms (Views: 5.0ms | ActiveRecord: 0.1ms | Allocations: 3120)


Started GET "/manages/new" for 127.0.0.1 at 2023-12-13 10:30:10 +0000
Processing by ManagesController#new as HTML
  Rendering layout layouts/application.html.erb
  Rendering manages/new.html.erb within layouts/application
  Rendered manages/_form.html.erb (Duration: 1.5ms | Allocations: 751)
  Rendered manages/new.html.erb within layouts/application (Duration: 1.7ms | Allocations: 830)
  Rendered layout layouts/application.html.erb (Duration: 4.7ms | Allocations: 2863)
Completed 200 OK in 6ms (Views: 5.2ms | ActiveRecord: 0.0ms | Allocations: 3128)


Started GET "/manages" for 127.0.0.1 at 2023-12-13 10:30:11 +0000
Processing by ManagesController#index as HTML
  Rendering layout layouts/application.html.erb
  Rendering manages/index.html.erb within layouts/application
  [1m[36mManage Load (0.3ms)[0m  [1m[34mSELECT "manages".* FROM "manages"[0m
  ↳ app/views/manages/index.html.erb:6
  Rendered manages/index.html.erb within layouts/application (Duration: 4.8ms | Allocations: 802)
  Rendered layout layouts/application.html.erb (Duration: 8.7ms | Allocations: 2836)
Completed 200 OK in 10ms (Views: 9.1ms | ActiveRecord: 0.3ms | Allocations: 3099)


Started GET "/manages/new" for 127.0.0.1 at 2023-12-13 10:30:12 +0000
Processing by ManagesController#new as HTML
  Rendering layout layouts/application.html.erb
  Rendering manages/new.html.erb within layouts/application
  Rendered manages/_form.html.erb (Duration: 1.8ms | Allocations: 772)
  Rendered manages/new.html.erb within layouts/application (Duration: 2.1ms | Allocations: 851)
  Rendered layout layouts/application.html.erb (Duration: 5.0ms | Allocations: 2884)
Completed 200 OK in 6ms (Views: 5.4ms | ActiveRecord: 0.0ms | Allocations: 3149)


Started GET "/manages" for 127.0.0.1 at 2023-12-13 10:30:13 +0000
Processing by ManagesController#index as HTML
  Rendering layout layouts/application.html.erb
  Rendering manages/index.html.erb within layouts/application
  [1m[36mManage Load (0.1ms)[0m  [1m[34mSELECT "manages".* FROM "manages"[0m
  ↳ app/views/manages/index.html.erb:6
  Rendered manages/index.html.erb within layouts/application (Duration: 2.0ms | Allocations: 802)
  Rendered layout layouts/application.html.erb (Duration: 5.9ms | Allocations: 2836)
Completed 200 OK in 7ms (Views: 6.3ms | ActiveRecord: 0.1ms | Allocations: 3099)


Started GET "/manages" for 127.0.0.1 at 2023-12-13 10:39:00 +0000
Processing by ManagesController#index as HTML
  Rendering layout layouts/application.html.erb
  Rendering manages/index.html.erb within layouts/application
  [1m[36mManage Load (16.1ms)[0m  [1m[34mSELECT "manages".* FROM "manages"[0m
  ↳ app/views/manages/index.html.erb:6
  Rendered manages/index.html.erb within layouts/application (Duration: 37.0ms | Allocations: 1102)
  Rendered layout layouts/application.html.erb (Duration: 53.7ms | Allocations: 4429)
Completed 200 OK in 64ms (Views: 36.0ms | ActiveRecord: 21.7ms | Allocations: 4691)


Started GET "/manages/new" for 127.0.0.1 at 2023-12-13 10:39:01 +0000
Processing by ManagesController#new as HTML
  Rendering layout layouts/application.html.erb
  Rendering manages/new.html.erb within layouts/application
  Rendered manages/_form.html.erb (Duration: 4.7ms | Allocations: 750)
  Rendered manages/new.html.erb within layouts/application (Duration: 4.9ms | Allocations: 829)
  Rendered layout layouts/application.html.erb (Duration: 11.0ms | Allocations: 2819)
Completed 200 OK in 16ms (Views: 11.7ms | ActiveRecord: 0.0ms | Allocations: 3084)


Started GET "/manages" for 127.0.0.1 at 2023-12-13 10:40:29 +0000
Processing by ManagesController#index as HTML
  Rendering layout layouts/application.html.erb
  Rendering manages/index.html.erb within layouts/application
  [1m[36mManage Load (3.7ms)[0m  [1m[34mSELECT "manages".* FROM "manages"[0m
  ↳ app/views/manages/index.html.erb:6
  Rendered manages/index.html.erb within layouts/application (Duration: 17.6ms | Allocations: 799)
  Rendered layout layouts/application.html.erb (Duration: 37.3ms | Allocations: 4035)
Completed 200 OK in 44ms (Views: 35.4ms | ActiveRecord: 3.7ms | Allocations: 4297)


Started GET "/manages/new" for 127.0.0.1 at 2023-12-13 10:40:31 +0000
Processing by ManagesController#new as HTML
  Rendering layout layouts/application.html.erb
  Rendering manages/new.html.erb within layouts/application
  Rendered manages/_form.html.erb (Duration: 54.0ms | Allocations: 768)
  Rendered manages/new.html.erb within layouts/application (Duration: 54.4ms | Allocations: 847)
  Rendered layout layouts/application.html.erb (Duration: 66.1ms | Allocations: 2837)
Completed 200 OK in 76ms (Views: 74.4ms | ActiveRecord: 0.0ms | Allocations: 3102)


Started GET "/manages" for 127.0.0.1 at 2023-12-13 10:41:07 +0000
Processing by ManagesController#index as HTML
  Rendering layout layouts/application.html.erb
  Rendering manages/index.html.erb within layouts/application
  [1m[36mManage Load (0.1ms)[0m  [1m[34mSELECT "manages".* FROM "manages"[0m
  ↳ app/views/manages/index.html.erb:6
  Rendered manages/index.html.erb within layouts/application (Duration: 21.5ms | Allocations: 790)
  Rendered layout layouts/application.html.erb (Duration: 85.7ms | Allocations: 2781)
Completed 200 OK in 94ms (Views: 86.0ms | ActiveRecord: 0.1ms | Allocations: 3044)


Started GET "/manages/new" for 127.0.0.1 at 2023-12-13 10:41:09 +0000
Processing by ManagesController#new as HTML
  Rendering layout layouts/application.html.erb
  Rendering manages/new.html.erb within layouts/application
  Rendered manages/_form.html.erb (Duration: 5.9ms | Allocations: 753)
  Rendered manages/new.html.erb within layouts/application (Duration: 6.1ms | Allocations: 832)
  Rendered layout layouts/application.html.erb (Duration: 17.0ms | Allocations: 2822)
Completed 200 OK in 21ms (Views: 19.9ms | ActiveRecord: 0.0ms | Allocations: 3087)


Started GET "/manages/new" for 127.0.0.1 at 2023-12-13 10:43:19 +0000
Processing by ManagesController#new as HTML
  Rendering layout layouts/application.html.erb
  Rendering manages/new.html.erb within layouts/application
  Rendered manages/_form.html.erb (Duration: 14.2ms | Allocations: 756)
  Rendered manages/new.html.erb within layouts/application (Duration: 14.6ms | Allocations: 835)
  Rendered layout layouts/application.html.erb (Duration: 69.1ms | Allocations: 4082)
Completed 200 OK in 71ms (Views: 70.1ms | ActiveRecord: 0.0ms | Allocations: 4347)


Started GET "/manages" for 127.0.0.1 at 2023-12-13 10:43:21 +0000
Processing by ManagesController#index as HTML
  Rendering layout layouts/application.html.erb
  Rendering manages/index.html.erb within layouts/application
  [1m[36mManage Load (0.2ms)[0m  [1m[34mSELECT "manages".* FROM "manages"[0m
  ↳ app/views/manages/index.html.erb:6
  Rendered manages/index.html.erb within layouts/application (Duration: 3.4ms | Allocations: 820)
  Rendered layout layouts/application.html.erb (Duration: 7.9ms | Allocations: 2811)
Completed 200 OK in 10ms (Views: 8.6ms | ActiveRecord: 0.2ms | Allocations: 3074)


Started GET "/manages/new" for 127.0.0.1 at 2023-12-13 10:43:22 +0000
Processing by ManagesController#new as HTML
  Rendering layout layouts/application.html.erb
  Rendering manages/new.html.erb within layouts/application
  Rendered manages/_form.html.erb (Duration: 2.1ms | Allocations: 747)
  Rendered manages/new.html.erb within layouts/application (Duration: 2.3ms | Allocations: 826)
  Rendered layout layouts/application.html.erb (Duration: 7.1ms | Allocations: 2816)
Completed 200 OK in 8ms (Views: 7.6ms | ActiveRecord: 0.0ms | Allocations: 3082)


Started GET "/manages" for 127.0.0.1 at 2023-12-13 10:43:25 +0000
Processing by ManagesController#index as HTML
  Rendering layout layouts/application.html.erb
  Rendering manages/index.html.erb within layouts/application
  [1m[36mManage Load (0.2ms)[0m  [1m[34mSELECT "manages".* FROM "manages"[0m
  ↳ app/views/manages/index.html.erb:6
  Rendered manages/index.html.erb within layouts/application (Duration: 2.8ms | Allocations: 808)
  Rendered layout layouts/application.html.erb (Duration: 8.5ms | Allocations: 2801)
Completed 200 OK in 10ms (Views: 8.9ms | ActiveRecord: 0.2ms | Allocations: 3064)


Started GET "/manages/new" for 127.0.0.1 at 2023-12-13 10:43:26 +0000
Processing by ManagesController#new as HTML
  Rendering layout layouts/application.html.erb
  Rendering manages/new.html.erb within layouts/application
  Rendered manages/_form.html.erb (Duration: 1.8ms | Allocations: 777)
  Rendered manages/new.html.erb within layouts/application (Duration: 2.1ms | Allocations: 856)
  Rendered layout layouts/application.html.erb (Duration: 6.4ms | Allocations: 2847)
Completed 200 OK in 8ms (Views: 6.8ms | ActiveRecord: 0.0ms | Allocations: 3112)


Started GET "/manages/new" for 127.0.0.1 at 2023-12-13 10:46:06 +0000
Processing by ManagesController#new as HTML
  Rendering layout layouts/application.html.erb
  Rendering manages/new.html.erb within layouts/application
  Rendered manages/_form.html.erb (Duration: 14.5ms | Allocations: 780)
  Rendered manages/new.html.erb within layouts/application (Duration: 14.9ms | Allocations: 859)
  Rendered layout layouts/application.html.erb (Duration: 34.4ms | Allocations: 4092)
Completed 200 OK in 37ms (Views: 35.4ms | ActiveRecord: 0.0ms | Allocations: 4356)


Started GET "/manages" for 127.0.0.1 at 2023-12-13 10:46:09 +0000
Processing by ManagesController#index as HTML
  Rendering layout layouts/application.html.erb
  Rendering manages/index.html.erb within layouts/application
  [1m[36mManage Load (4.5ms)[0m  [1m[34mSELECT "manages".* FROM "manages"[0m
  ↳ app/views/manages/index.html.erb:6
  Rendered manages/index.html.erb within layouts/application (Duration: 22.1ms | Allocations: 811)
  Rendered layout layouts/application.html.erb (Duration: 37.2ms | Allocations: 2808)
Completed 200 OK in 40ms (Views: 33.6ms | ActiveRecord: 4.5ms | Allocations: 3071)


Started GET "/manages" for 127.0.0.1 at 2023-12-13 10:46:10 +0000
Processing by ManagesController#index as HTML
  Rendering layout layouts/application.html.erb
  Rendering manages/index.html.erb within layouts/application
  [1m[36mManage Load (0.1ms)[0m  [1m[34mSELECT "manages".* FROM "manages"[0m
  ↳ app/views/manages/index.html.erb:6
  Rendered manages/index.html.erb within layouts/application (Duration: 4.6ms | Allocations: 802)
  Rendered layout layouts/application.html.erb (Duration: 7.9ms | Allocations: 2793)
Completed 200 OK in 9ms (Views: 8.3ms | ActiveRecord: 0.1ms | Allocations: 3055)


Started GET "/manages/new" for 127.0.0.1 at 2023-12-13 10:46:11 +0000
Processing by ManagesController#new as HTML
  Rendering layout layouts/application.html.erb
  Rendering manages/new.html.erb within layouts/application
  Rendered manages/_form.html.erb (Duration: 5.6ms | Allocations: 765)
  Rendered manages/new.html.erb within layouts/application (Duration: 6.0ms | Allocations: 844)
  Rendered layout layouts/application.html.erb (Duration: 10.0ms | Allocations: 2834)
Completed 200 OK in 13ms (Views: 11.1ms | ActiveRecord: 0.0ms | Allocations: 3099)


Started GET "/manages" for 127.0.0.1 at 2023-12-13 10:47:10 +0000
Processing by ManagesController#index as HTML
  Rendering layout layouts/application.html.erb
  Rendering manages/index.html.erb within layouts/application
  [1m[36mManage Load (0.2ms)[0m  [1m[34mSELECT "manages".* FROM "manages"[0m
  ↳ app/views/manages/index.html.erb:6
  Rendered manages/index.html.erb within layouts/application (Duration: 4.0ms | Allocations: 805)
  Rendered layout layouts/application.html.erb (Duration: 8.4ms | Allocations: 2796)
Completed 200 OK in 10ms (Views: 8.8ms | ActiveRecord: 0.2ms | Allocations: 3059)


Started GET "/manages/new" for 127.0.0.1 at 2023-12-13 10:47:11 +0000
Processing by ManagesController#new as HTML
  Rendering layout layouts/application.html.erb
  Rendering manages/new.html.erb within layouts/application
  Rendered manages/_form.html.erb (Duration: 3.5ms | Allocations: 768)
  Rendered manages/new.html.erb within layouts/application (Duration: 3.8ms | Allocations: 847)
  Rendered layout layouts/application.html.erb (Duration: 6.9ms | Allocations: 2837)
Completed 200 OK in 8ms (Views: 7.3ms | ActiveRecord: 0.0ms | Allocations: 3102)


Started GET "/manages/new" for 127.0.0.1 at 2023-12-13 11:03:50 +0000
Processing by ManagesController#new as HTML
  Rendering layout layouts/application.html.erb
  Rendering manages/new.html.erb within layouts/application
  Rendered manages/_form.html.erb (Duration: 39.0ms | Allocations: 777)
  Rendered manages/new.html.erb within layouts/application (Duration: 40.3ms | Allocations: 856)
  Rendered layout layouts/application.html.erb (Duration: 57.0ms | Allocations: 4095)
Completed 200 OK in 68ms (Views: 58.8ms | ActiveRecord: 0.0ms | Allocations: 4359)


Started GET "/manages" for 127.0.0.1 at 2023-12-13 11:03:51 +0000
Processing by ManagesController#index as HTML
  Rendering layout layouts/application.html.erb
  Rendering manages/index.html.erb within layouts/application
  [1m[36mManage Load (8.4ms)[0m  [1m[34mSELECT "manages".* FROM "manages"[0m
  ↳ app/views/manages/index.html.erb:6
  Rendered manages/index.html.erb within layouts/application (Duration: 15.2ms | Allocations: 1077)
  Rendered layout layouts/application.html.erb (Duration: 31.6ms | Allocations: 3068)
Completed 200 OK in 34ms (Views: 20.7ms | ActiveRecord: 11.9ms | Allocations: 3331)


Started GET "/manages/new" for 127.0.0.1 at 2023-12-13 11:03:52 +0000
Processing by ManagesController#new as HTML
  Rendering layout layouts/application.html.erb
  Rendering manages/new.html.erb within layouts/application
  Rendered manages/_form.html.erb (Duration: 1.6ms | Allocations: 766)
  Rendered manages/new.html.erb within layouts/application (Duration: 4.2ms | Allocations: 845)
  Rendered layout layouts/application.html.erb (Duration: 10.7ms | Allocations: 2838)
Completed 200 OK in 13ms (Views: 11.2ms | ActiveRecord: 0.0ms | Allocations: 3104)


Started GET "/ws" for ::1 at 2023-12-13 11:09:28 +0000
  
ActionController::RoutingError (No route matches [GET] "/ws"):
  
Started GET "/ws" for ::1 at 2023-12-13 11:09:31 +0000
  
ActionController::RoutingError (No route matches [GET] "/ws"):
  
Started GET "/ws" for ::1 at 2023-12-13 11:27:06 +0000
  
ActionController::RoutingError (No route matches [GET] "/ws"):
  
Started GET "/ws" for ::1 at 2023-12-13 11:32:35 +0000
  
ActionController::RoutingError (No route matches [GET] "/ws"):
  
Started GET "/ws" for ::1 at 2023-12-13 11:32:54 +0000
  
ActionController::RoutingError (No route matches [GET] "/ws"):
  
Started GET "/ws" for ::1 at 2023-12-13 11:33:27 +0000
  
ActionController::RoutingError (No route matches [GET] "/ws"):
  
Started GET "/ws" for ::1 at 2023-12-13 11:34:32 +0000
  
ActionController::RoutingError (No route matches [GET] "/ws"):
  
Started GET "/ws" for ::1 at 2023-12-13 11:36:40 +0000
  
ActionController::RoutingError (No route matches [GET] "/ws"):
  
Started GET "/ws" for ::1 at 2023-12-13 11:40:56 +0000
  
ActionController::RoutingError (No route matches [GET] "/ws"):
  
Started GET "/manages" for 127.0.0.1 at 2023-12-13 11:41:29 +0000
Processing by ManagesController#index as HTML
  Rendering layout layouts/application.html.erb
  Rendering manages/index.html.erb within layouts/application
  [1m[36mManage Load (8.0ms)[0m  [1m[34mSELECT "manages".* FROM "manages"[0m
  ↳ app/views/manages/index.html.erb:6
  Rendered manages/index.html.erb within layouts/application (Duration: 27.2ms | Allocations: 1074)
  Rendered layout layouts/application.html.erb (Duration: 49.1ms | Allocations: 3079)
Completed 200 OK in 55ms (Views: 39.5ms | ActiveRecord: 11.3ms | Allocations: 3343)


Started GET "/manages/new" for 127.0.0.1 at 2023-12-13 11:41:31 +0000
Processing by ManagesController#new as HTML
  Rendering layout layouts/application.html.erb
  Rendering manages/new.html.erb within layouts/application
  Rendered manages/_form.html.erb (Duration: 7.5ms | Allocations: 771)
  Rendered manages/new.html.erb within layouts/application (Duration: 7.9ms | Allocations: 850)
  Rendered layout layouts/application.html.erb (Duration: 9.7ms | Allocations: 2840)
Completed 200 OK in 12ms (Views: 10.1ms | ActiveRecord: 0.0ms | Allocations: 3105)


Started GET "/manages" for 127.0.0.1 at 2023-12-13 11:44:05 +0000
Processing by ManagesController#index as HTML
  Rendering layout layouts/application.html.erb
  Rendering manages/index.html.erb within layouts/application
  [1m[36mManage Load (0.2ms)[0m  [1m[34mSELECT "manages".* FROM "manages"[0m
  ↳ app/views/manages/index.html.erb:6
  Rendered manages/index.html.erb within layouts/application (Duration: 3.2ms | Allocations: 796)
  Rendered layout layouts/application.html.erb (Duration: 11.8ms | Allocations: 2787)
Completed 200 OK in 14ms (Views: 12.5ms | ActiveRecord: 0.2ms | Allocations: 3050)


Started GET "/manages/new" for 127.0.0.1 at 2023-12-13 11:44:07 +0000
Processing by ManagesController#new as HTML
  Rendering layout layouts/application.html.erb
  Rendering manages/new.html.erb within layouts/application
  Rendered manages/_form.html.erb (Duration: 4.3ms | Allocations: 768)
  Rendered manages/new.html.erb within layouts/application (Duration: 4.7ms | Allocations: 847)
  Rendered layout layouts/application.html.erb (Duration: 45.0ms | Allocations: 2837)
Completed 200 OK in 46ms (Views: 45.5ms | ActiveRecord: 0.0ms | Allocations: 3103)


Started GET "/manages" for 127.0.0.1 at 2023-12-13 11:44:09 +0000
Processing by ManagesController#index as HTML
  Rendering layout layouts/application.html.erb
  Rendering manages/index.html.erb within layouts/application
  [1m[36mManage Load (0.2ms)[0m  [1m[34mSELECT "manages".* FROM "manages"[0m
  ↳ app/views/manages/index.html.erb:6
  Rendered manages/index.html.erb within layouts/application (Duration: 3.5ms | Allocations: 796)
  Rendered layout layouts/application.html.erb (Duration: 6.3ms | Allocations: 2791)
Completed 200 OK in 8ms (Views: 6.9ms | ActiveRecord: 0.2ms | Allocations: 3054)


Started GET "/manages/new" for 127.0.0.1 at 2023-12-13 11:44:16 +0000
Processing by ManagesController#new as HTML
  Rendering layout layouts/application.html.erb
  Rendering manages/new.html.erb within layouts/application
  Rendered manages/_form.html.erb (Duration: 3.1ms | Allocations: 753)
  Rendered manages/new.html.erb within layouts/application (Duration: 3.4ms | Allocations: 832)
  Rendered layout layouts/application.html.erb (Duration: 7.3ms | Allocations: 2822)
Completed 200 OK in 12ms (Views: 10.1ms | ActiveRecord: 0.0ms | Allocations: 3088)


Started GET "/ws" for ::1 at 2023-12-13 11:49:28 +0000
  
ActionController::RoutingError (No route matches [GET] "/ws"):
  
Started GET "/manages" for 127.0.0.1 at 2023-12-13 16:02:04 +0000
Processing by ManagesController#index as HTML
  Rendering layout layouts/application.html.erb
  Rendering manages/index.html.erb within layouts/application
  [1m[36mManage Load (15.5ms)[0m  [1m[34mSELECT "manages".* FROM "manages"[0m
  ↳ app/views/manages/index.html.erb:6
  Rendered manages/index.html.erb within layouts/application (Duration: 58.3ms | Allocations: 1065)
  Rendered layout layouts/application.html.erb (Duration: 101.9ms | Allocations: 3070)
Completed 200 OK in 126ms (Views: 89.3ms | ActiveRecord: 22.9ms | Allocations: 3335)


Started GET "/manages/new" for 127.0.0.1 at 2023-12-13 16:02:05 +0000
Processing by ManagesController#new as HTML
  Rendering layout layouts/application.html.erb
  Rendering manages/new.html.erb within layouts/application
  Rendered manages/_form.html.erb (Duration: 10.8ms | Allocations: 756)
  Rendered manages/new.html.erb within layouts/application (Duration: 11.0ms | Allocations: 835)
  Rendered layout layouts/application.html.erb (Duration: 15.3ms | Allocations: 2825)
Completed 200 OK in 21ms (Views: 15.6ms | ActiveRecord: 0.0ms | Allocations: 3090)


Started GET "/manages" for 127.0.0.1 at 2023-12-13 16:10:03 +0000
Processing by ManagesController#index as HTML
  Rendering layout layouts/application.html.erb
  Rendering manages/index.html.erb within layouts/application
  [1m[36mManage Load (9.1ms)[0m  [1m[34mSELECT "manages".* FROM "manages"[0m
  ↳ app/views/manages/index.html.erb:6
  Rendered manages/index.html.erb within layouts/application (Duration: 22.0ms | Allocations: 1068)
  Rendered layout layouts/application.html.erb (Duration: 39.3ms | Allocations: 3059)
Completed 200 OK in 46ms (Views: 27.4ms | ActiveRecord: 14.1ms | Allocations: 3322)


Started GET "/manages/new" for 127.0.0.1 at 2023-12-13 16:10:04 +0000
Processing by ManagesController#new as HTML
  Rendering layout layouts/application.html.erb
  Rendering manages/new.html.erb within layouts/application
  Rendered manages/_form.html.erb (Duration: 4.0ms | Allocations: 768)
  Rendered manages/new.html.erb within layouts/application (Duration: 4.3ms | Allocations: 847)
  Rendered layout layouts/application.html.erb (Duration: 8.8ms | Allocations: 2837)
Completed 200 OK in 10ms (Views: 9.3ms | ActiveRecord: 0.0ms | Allocations: 3102)


Started GET "/manages" for 127.0.0.1 at 2023-12-13 18:15:22 +0000
Processing by ManagesController#index as HTML
  Rendering layout layouts/application.html.erb
  Rendering manages/index.html.erb within layouts/application
  [1m[36mManage Load (9.1ms)[0m  [1m[34mSELECT "manages".* FROM "manages"[0m
  ↳ app/views/manages/index.html.erb:6
  Rendered manages/index.html.erb within layouts/application (Duration: 43.3ms | Allocations: 1065)
  Rendered layout layouts/application.html.erb (Duration: 88.0ms | Allocations: 3056)
Completed 200 OK in 100ms (Views: 80.2ms | ActiveRecord: 13.4ms | Allocations: 3319)


Started GET "/manages/new" for 127.0.0.1 at 2023-12-13 18:15:28 +0000
Processing by ManagesController#new as HTML
  Rendering layout layouts/application.html.erb
  Rendering manages/new.html.erb within layouts/application
  Rendered manages/_form.html.erb (Duration: 17.2ms | Allocations: 771)
  Rendered manages/new.html.erb within layouts/application (Duration: 18.7ms | Allocations: 850)
  Rendered layout layouts/application.html.erb (Duration: 39.6ms | Allocations: 2840)
Completed 200 OK in 46ms (Views: 40.4ms | ActiveRecord: 0.0ms | Allocations: 3105)


Started GET "/manages" for 127.0.0.1 at 2023-12-13 20:14:18 +0000
Processing by ManagesController#index as HTML
  Rendering layout layouts/application.html.erb
  Rendering manages/index.html.erb within layouts/application
  [1m[36mManage Load (9.0ms)[0m  [1m[34mSELECT "manages".* FROM "manages"[0m
  ↳ app/views/manages/index.html.erb:6
  Rendered manages/index.html.erb within layouts/application (Duration: 73.9ms | Allocations: 1080)
  Rendered layout layouts/application.html.erb (Duration: 95.9ms | Allocations: 3071)
Completed 200 OK in 112ms (Views: 88.9ms | ActiveRecord: 13.9ms | Allocations: 3335)


Started GET "/static/js/bundle.js" for ::1 at 2023-12-13 22:23:00 +0000
  
ActionController::RoutingError (No route matches [GET] "/static/js/bundle.js"):
  
Started GET "/manifest.json" for ::1 at 2023-12-13 22:23:00 +0000
  
ActionController::RoutingError (No route matches [GET] "/manifest.json"):
  
Started GET "/" for ::1 at 2023-12-13 22:23:05 +0000
Processing by Rails::WelcomeController#index as HTML
  Rendering /Users/inspectv/.rbenv/versions/3.1.2/lib/ruby/gems/3.1.0/gems/railties-7.1.2/lib/rails/templates/rails/welcome/index.html.erb
  Rendered /Users/inspectv/.rbenv/versions/3.1.2/lib/ruby/gems/3.1.0/gems/railties-7.1.2/lib/rails/templates/rails/welcome/index.html.erb (Duration: 0.5ms | Allocations: 19)
Completed 200 OK in 3ms (Views: 1.5ms | ActiveRecord: 0.0ms | Allocations: 226)


Started GET "/manages/new" for 127.0.0.1 at 2023-12-13 22:24:58 +0000
Processing by ManagesController#new as HTML
  Rendering layout layouts/application.html.erb
  Rendering manages/new.html.erb within layouts/application
  Rendered manages/_form.html.erb (Duration: 40.5ms | Allocations: 753)
  Rendered manages/new.html.erb within layouts/application (Duration: 43.2ms | Allocations: 832)
  Rendered layout layouts/application.html.erb (Duration: 68.1ms | Allocations: 2836)
Completed 200 OK in 84ms (Views: 71.0ms | ActiveRecord: 0.0ms | Allocations: 3101)


Started GET "/manages" for 127.0.0.1 at 2023-12-13 22:25:00 +0000
Processing by ManagesController#index as HTML
  Rendering layout layouts/application.html.erb
  Rendering manages/index.html.erb within layouts/application
  [1m[36mManage Load (8.6ms)[0m  [1m[34mSELECT "manages".* FROM "manages"[0m
  ↳ app/views/manages/index.html.erb:6
  Rendered manages/index.html.erb within layouts/application (Duration: 14.7ms | Allocations: 1065)
  Rendered layout layouts/application.html.erb (Duration: 17.4ms | Allocations: 3056)
Completed 200 OK in 21ms (Views: 7.1ms | ActiveRecord: 11.5ms | Allocations: 3319)


Started GET "/manages/new" for 127.0.0.1 at 2023-12-14 19:10:31 +0000
  [1m[36mActiveRecord::SchemaMigration Load (0.1ms)[0m  [1m[34mSELECT "schema_migrations"."version" FROM "schema_migrations" ORDER BY "schema_migrations"."version" ASC[0m
Processing by ManagesController#new as HTML
  Rendering layout layouts/application.html.erb
  Rendering manages/new.html.erb within layouts/application
  Rendered manages/_form.html.erb (Duration: 4.9ms | Allocations: 3438)
  Rendered manages/new.html.erb within layouts/application (Duration: 5.5ms | Allocations: 3895)
  Rendered layout layouts/application.html.erb (Duration: 44.1ms | Allocations: 44612)
Completed 200 OK in 87ms (Views: 59.2ms | ActiveRecord: 0.8ms | Allocations: 62869)


Started GET "/manages" for 127.0.0.1 at 2023-12-14 19:10:32 +0000
Processing by ManagesController#index as HTML
  Rendering layout layouts/application.html.erb
  Rendering manages/index.html.erb within layouts/application
  [1m[36mManage Load (0.2ms)[0m  [1m[34mSELECT "manages".* FROM "manages"[0m
  ↳ app/views/manages/index.html.erb:6
  Rendered manages/index.html.erb within layouts/application (Duration: 1.5ms | Allocations: 1380)
  Rendered layout layouts/application.html.erb (Duration: 3.6ms | Allocations: 3500)
Completed 200 OK in 10ms (Views: 3.8ms | ActiveRecord: 0.2ms | Allocations: 5108)


Started GET "/manages/new" for 127.0.0.1 at 2023-12-16 12:56:11 +0000
Processing by ManagesController#new as HTML
  Rendering layout layouts/application.html.erb
  Rendering manages/new.html.erb within layouts/application
  Rendered manages/_form.html.erb (Duration: 60.2ms | Allocations: 728)
  Rendered manages/new.html.erb within layouts/application (Duration: 65.9ms | Allocations: 811)
  Rendered layout layouts/application.html.erb (Duration: 126.7ms | Allocations: 2822)
Completed 200 OK in 174ms (Views: 137.7ms | ActiveRecord: 0.0ms | Allocations: 3114)


Started POST "/manages" for 127.0.0.1 at 2023-12-16 18:43:21 +0000
Processing by ManagesController#create as TURBO_STREAM
  Parameters: {"authenticity_token"=>"[FILTERED]", "manage"=>{"info"=>"hi", "details"=>""}, "commit"=>"Create Manage"}
  [1m[36mTRANSACTION (3.6ms)[0m  [1m[36mbegin transaction[0m
  ↳ app/controllers/manages_controller.rb:27:in `block in create'
  [1m[36mManage Create (86.8ms)[0m  [1m[32mINSERT INTO "manages" ("info", "details", "created_at", "updated_at") VALUES (?, ?, ?, ?) RETURNING "id"[0m  [["info", "hi"], ["details", ""], ["created_at", "2023-12-16 18:43:21.805719"], ["updated_at", "2023-12-16 18:43:21.805719"]]
  ↳ app/controllers/manages_controller.rb:27:in `block in create'
  [1m[36mTRANSACTION (0.3ms)[0m  [1m[36mcommit transaction[0m
  ↳ app/controllers/manages_controller.rb:27:in `block in create'
Redirected to http://127.0.0.1:3000/manages/1
Completed 302 Found in 190ms (ActiveRecord: 105.3ms | Allocations: 4245)


Started GET "/manages/1" for 127.0.0.1 at 2023-12-16 18:43:21 +0000
Processing by ManagesController#show as TURBO_STREAM
  Parameters: {"id"=>"1"}
  [1m[36mManage Load (0.1ms)[0m  [1m[34mSELECT "manages".* FROM "manages" WHERE "manages"."id" = ? LIMIT ?[0m  [["id", 1], ["LIMIT", 1]]
  ↳ app/controllers/manages_controller.rb:63:in `set_manage'
  Rendering layout layouts/application.html.erb
  Rendering manages/show.html.erb within layouts/application
  Rendered manages/_manage.html.erb (Duration: 2.7ms | Allocations: 217)
  Rendered manages/show.html.erb within layouts/application (Duration: 80.0ms | Allocations: 1488)
  Rendered layout layouts/application.html.erb (Duration: 148.9ms | Allocations: 3587)
Completed 200 OK in 173ms (Views: 151.5ms | ActiveRecord: 0.1ms | Allocations: 6793)


Started GET "/manages" for 127.0.0.1 at 2023-12-16 18:43:31 +0000
Processing by ManagesController#index as HTML
  Rendering layout layouts/application.html.erb
  Rendering manages/index.html.erb within layouts/application
  [1m[36mManage Load (0.2ms)[0m  [1m[34mSELECT "manages".* FROM "manages"[0m
  ↳ app/views/manages/index.html.erb:6
  Rendered manages/_manage.html.erb (Duration: 0.1ms | Allocations: 18)
  Rendered manages/index.html.erb within layouts/application (Duration: 2.9ms | Allocations: 1103)
  Rendered layout layouts/application.html.erb (Duration: 7.8ms | Allocations: 3097)
Completed 200 OK in 9ms (Views: 8.2ms | ActiveRecord: 0.2ms | Allocations: 3396)


Started GET "/manages/1" for 127.0.0.1 at 2023-12-16 18:43:32 +0000
Processing by ManagesController#show as HTML
  Parameters: {"id"=>"1"}
  [1m[36mManage Load (0.1ms)[0m  [1m[34mSELECT "manages".* FROM "manages" WHERE "manages"."id" = ? LIMIT ?[0m  [["id", 1], ["LIMIT", 1]]
  ↳ app/controllers/manages_controller.rb:63:in `set_manage'
  Rendering layout layouts/application.html.erb
  Rendering manages/show.html.erb within layouts/application
  Rendered manages/_manage.html.erb (Duration: 0.1ms | Allocations: 18)
  Rendered manages/show.html.erb within layouts/application (Duration: 1.9ms | Allocations: 480)
  Rendered layout layouts/application.html.erb (Duration: 7.4ms | Allocations: 2466)
Completed 200 OK in 13ms (Views: 7.8ms | ActiveRecord: 0.1ms | Allocations: 3266)


Started DELETE "/manages/1" for 127.0.0.1 at 2023-12-16 18:43:35 +0000
Processing by ManagesController#destroy as TURBO_STREAM
  Parameters: {"authenticity_token"=>"[FILTERED]", "id"=>"1"}
  [1m[36mManage Load (0.2ms)[0m  [1m[34mSELECT "manages".* FROM "manages" WHERE "manages"."id" = ? LIMIT ?[0m  [["id", 1], ["LIMIT", 1]]
  ↳ app/controllers/manages_controller.rb:63:in `set_manage'
  [1m[36mTRANSACTION (0.1ms)[0m  [1m[36mbegin transaction[0m
  ↳ app/controllers/manages_controller.rb:52:in `destroy'
  [1m[36mManage Destroy (0.9ms)[0m  [1m[31mDELETE FROM "manages" WHERE "manages"."id" = ?[0m  [["id", 1]]
  ↳ app/controllers/manages_controller.rb:52:in `destroy'
  [1m[36mTRANSACTION (0.2ms)[0m  [1m[36mcommit transaction[0m
  ↳ app/controllers/manages_controller.rb:52:in `destroy'
Redirected to http://127.0.0.1:3000/manages
Completed 302 Found in 15ms (ActiveRecord: 1.4ms | Allocations: 2745)


Started GET "/manages" for 127.0.0.1 at 2023-12-16 18:43:35 +0000
Processing by ManagesController#index as TURBO_STREAM
  Rendering layout layouts/application.html.erb
  Rendering manages/index.html.erb within layouts/application
  [1m[36mManage Load (0.1ms)[0m  [1m[34mSELECT "manages".* FROM "manages"[0m
  ↳ app/views/manages/index.html.erb:6
  Rendered manages/index.html.erb within layouts/application (Duration: 1.3ms | Allocations: 815)
  Rendered layout layouts/application.html.erb (Duration: 6.6ms | Allocations: 2806)
Completed 200 OK in 8ms (Views: 7.0ms | ActiveRecord: 0.1ms | Allocations: 3076)


Started GET "/manages/new" for 127.0.0.1 at 2023-12-16 18:43:35 +0000
Processing by ManagesController#new as HTML
  Rendering layout layouts/application.html.erb
  Rendering manages/new.html.erb within layouts/application
  Rendered manages/_form.html.erb (Duration: 2.9ms | Allocations: 816)
  Rendered manages/new.html.erb within layouts/application (Duration: 3.2ms | Allocations: 896)
  Rendered layout layouts/application.html.erb (Duration: 8.2ms | Allocations: 2886)
Completed 200 OK in 9ms (Views: 8.6ms | ActiveRecord: 0.0ms | Allocations: 3157)


